config file path : config.ini
[2021-10-22 11:53:32] Initializing...
FISCO-BCOS Version : 2.8.0
Build Time         : 20210830 12:52:15
Build Type         : Linux/clang/Release
Git Branch         : HEAD
Git Commit Hash    : 30fb38ac5692468058abf6aa12869d2ae776c275
[2021-10-22 11:53:32] The FISCO-BCOS is running...
config file path : config.ini
[2021-10-24 16:23:59] Initializing...
FISCO-BCOS Version : 2.8.0
Build Time         : 20210830 12:52:15
Build Type         : Linux/clang/Release
Git Branch         : HEAD
Git Commit Hash    : 30fb38ac5692468058abf6aa12869d2ae776c275
[2021-10-24 16:23:59] The FISCO-BCOS is running...
config file path : config.ini
[2021-10-25 09:21:37] Initializing...
FISCO-BCOS Version : 2.8.0
Build Time         : 20210830 12:52:15
Build Type         : Linux/clang/Release
Git Branch         : HEAD
Git Commit Hash    : 30fb38ac5692468058abf6aa12869d2ae776c275
[2021-10-25 09:21:38] The FISCO-BCOS is running...
config file path : config.ini
[2021-10-26 17:14:26] Initializing...
FISCO-BCOS Version : 2.8.0
Build Time         : 20210830 12:52:15
Build Type         : Linux/clang/Release
Git Branch         : HEAD
Git Commit Hash    : 30fb38ac5692468058abf6aa12869d2ae776c275
[2021-10-26 17:14:27] The FISCO-BCOS is running...
config file path : config.ini
[2021-10-27 09:29:28] Initializing...
FISCO-BCOS Version : 2.8.0
Build Time         : 20210830 12:52:15
Build Type         : Linux/clang/Release
Git Branch         : HEAD
Git Commit Hash    : 30fb38ac5692468058abf6aa12869d2ae776c275
[2021-10-27 09:29:28] The FISCO-BCOS is running...
config file path : config.ini
[2021-11-12 14:02:32] Initializing...
FISCO-BCOS Version : 2.8.0
Build Time         : 20210830 12:52:15
Build Type         : Linux/clang/Release
Git Branch         : HEAD
Git Commit Hash    : 30fb38ac5692468058abf6aa12869d2ae776c275
[2021-11-12 14:02:32] The FISCO-BCOS is running...
config file path : config.ini
[2021-11-16 11:00:59] Initializing...
FISCO-BCOS Version : 2.8.0
Build Time         : 20210830 12:52:15
Build Type         : Linux/clang/Release
Git Branch         : HEAD
Git Commit Hash    : 30fb38ac5692468058abf6aa12869d2ae776c275
[2021-11-16 11:01:00] The FISCO-BCOS is running...
config file path : config.ini
[2021-11-18 16:58:51] Initializing...
FISCO-BCOS Version : 2.8.0
Build Time         : 20210830 12:52:15
Build Type         : Linux/clang/Release
Git Branch         : HEAD
Git Commit Hash    : 30fb38ac5692468058abf6aa12869d2ae776c275
[2021-11-18 16:58:52] The FISCO-BCOS is running...
config file path : config.ini
[2021-11-19 14:03:56] Initializing...
FISCO-BCOS Version : 2.8.0
Build Time         : 20210830 12:52:15
Build Type         : Linux/clang/Release
Git Branch         : HEAD
Git Commit Hash    : 30fb38ac5692468058abf6aa12869d2ae776c275
[2021-11-19 14:03:58] The FISCO-BCOS is running...
config file path : config.ini
[2021-11-20 15:51:15] Initializing...
FISCO-BCOS Version : 2.8.0
Build Time         : 20210830 12:52:15
Build Type         : Linux/clang/Release
Git Branch         : HEAD
Git Commit Hash    : 30fb38ac5692468058abf6aa12869d2ae776c275
[2021-11-20 15:51:18] The FISCO-BCOS is running...
config file path : config.ini
[2021-11-22 01:38:44] Initializing...
FISCO-BCOS Version : 2.8.0
Build Time         : 20210830 12:52:15
Build Type         : Linux/clang/Release
Git Branch         : HEAD
Git Commit Hash    : 30fb38ac5692468058abf6aa12869d2ae776c275
[2021-11-22 01:38:45] The FISCO-BCOS is running...
config file path : config.ini
[2021-11-22 15:12:03] Initializing...
FISCO-BCOS Version : 2.8.0
Build Time         : 20210830 12:52:15
Build Type         : Linux/clang/Release
Git Branch         : HEAD
Git Commit Hash    : 30fb38ac5692468058abf6aa12869d2ae776c275
[2021-11-22 15:12:05] The FISCO-BCOS is running...
config file path : config.ini
[2021-11-23 09:32:13] Initializing...
FISCO-BCOS Version : 2.8.0
Build Time         : 20210830 12:52:15
Build Type         : Linux/clang/Release
Git Branch         : HEAD
Git Commit Hash    : 30fb38ac5692468058abf6aa12869d2ae776c275
[2021-11-23 09:32:17] The FISCO-BCOS is running...
config file path : config.ini
[2021-11-23 23:55:17] Initializing...
FISCO-BCOS Version : 2.8.0
Build Time         : 20210830 12:52:15
Build Type         : Linux/clang/Release
Git Branch         : HEAD
Git Commit Hash    : 30fb38ac5692468058abf6aa12869d2ae776c275
[2021-11-23 23:55:22] The FISCO-BCOS is running...
config file path : config.ini
[2021-11-24 13:52:11] Initializing...
FISCO-BCOS Version : 2.8.0
Build Time         : 20210830 12:52:15
Build Type         : Linux/clang/Release
Git Branch         : HEAD
Git Commit Hash    : 30fb38ac5692468058abf6aa12869d2ae776c275
[2021-11-24 13:52:12] The FISCO-BCOS is running...
config file path : config.ini
[2021-11-25 08:56:19] Initializing...
FISCO-BCOS Version : 2.8.0
Build Time         : 20210830 12:52:15
Build Type         : Linux/clang/Release
Git Branch         : HEAD
Git Commit Hash    : 30fb38ac5692468058abf6aa12869d2ae776c275
[2021-11-25 08:56:22] The FISCO-BCOS is running...
config file path : config.ini
[2021-11-25 16:08:29] Initializing...
FISCO-BCOS Version : 2.8.0
Build Time         : 20210830 12:52:15
Build Type         : Linux/clang/Release
Git Branch         : HEAD
Git Commit Hash    : 30fb38ac5692468058abf6aa12869d2ae776c275
[2021-11-25 16:08:29] The FISCO-BCOS is running...
config file path : config.ini
[2021-11-26 09:50:42] Initializing...
FISCO-BCOS Version : 2.8.0
Build Time         : 20210830 12:52:15
Build Type         : Linux/clang/Release
Git Branch         : HEAD
Git Commit Hash    : 30fb38ac5692468058abf6aa12869d2ae776c275
[2021-11-26 09:50:55] The FISCO-BCOS is running...
config file path : config.ini
[2021-11-26 14:04:07] Initializing...
FISCO-BCOS Version : 2.8.0
Build Time         : 20210830 12:52:15
Build Type         : Linux/clang/Release
Git Branch         : HEAD
Git Commit Hash    : 30fb38ac5692468058abf6aa12869d2ae776c275
[2021-11-26 14:04:08] The FISCO-BCOS is running...
config file path : config.ini
[2021-11-29 22:08:59] Initializing...
FISCO-BCOS Version : 2.8.0
Build Time         : 20210830 12:52:15
Build Type         : Linux/clang/Release
Git Branch         : HEAD
Git Commit Hash    : 30fb38ac5692468058abf6aa12869d2ae776c275
[2021-11-29 22:09:16] The FISCO-BCOS is running...
config file path : config.ini
[2021-11-30 09:36:10] Initializing...
FISCO-BCOS Version : 2.8.0
Build Time         : 20210830 12:52:15
Build Type         : Linux/clang/Release
Git Branch         : HEAD
Git Commit Hash    : 30fb38ac5692468058abf6aa12869d2ae776c275
[2021-11-30 09:36:14] The FISCO-BCOS is running...
config file path : config.ini
[2022-01-14 13:13:10] Initializing...
FISCO-BCOS Version : 2.8.0
Build Time         : 20210830 12:52:15
Build Type         : Linux/clang/Release
Git Branch         : HEAD
Git Commit Hash    : 30fb38ac5692468058abf6aa12869d2ae776c275
[2022-01-14 13:13:16] The FISCO-BCOS is running...
config file path : config.ini
[2022-03-18 15:09:24] Initializing...
FISCO-BCOS Version : 2.8.0
Build Time         : 20210830 12:52:15
Build Type         : Linux/clang/Release
Git Branch         : HEAD
Git Commit Hash    : 30fb38ac5692468058abf6aa12869d2ae776c275
[2022-03-18 15:09:26] The FISCO-BCOS is running...
config file path : config.ini
[2022-03-23 17:19:11] Initializing...
FISCO-BCOS Version : 2.8.0
Build Time         : 20210830 12:52:15
Build Type         : Linux/clang/Release
Git Branch         : HEAD
Git Commit Hash    : 30fb38ac5692468058abf6aa12869d2ae776c275
[2022-03-23 17:19:12] The FISCO-BCOS is running...
